d:\project_file\glfw_3\bin\intermediates\win32\debug\vc142.pdb
d:\project_file\glfw_3\bin\intermediates\win32\debug\vc142.idb
d:\project_file\glfw_3\bin\intermediates\win32\debug\vertexbuffer.obj
d:\project_file\glfw_3\bin\intermediates\win32\debug\vertexarray.obj
d:\project_file\glfw_3\bin\intermediates\win32\debug\stb_image.obj
d:\project_file\glfw_3\bin\intermediates\win32\debug\imgui_widgets.obj
d:\project_file\glfw_3\bin\intermediates\win32\debug\imgui_tables.obj
d:\project_file\glfw_3\bin\intermediates\win32\debug\imgui_impl_opengl3.obj
d:\project_file\glfw_3\bin\intermediates\win32\debug\imgui_impl_glfw.obj
d:\project_file\glfw_3\bin\intermediates\win32\debug\imgui_draw.obj
d:\project_file\glfw_3\bin\intermediates\win32\debug\imgui_demo.obj
d:\project_file\glfw_3\bin\intermediates\win32\debug\imgui.obj
d:\project_file\glfw_3\bin\intermediates\win32\debug\texture.obj
d:\project_file\glfw_3\bin\intermediates\win32\debug\shader.obj
d:\project_file\glfw_3\bin\intermediates\win32\debug\renderer.obj
d:\project_file\glfw_3\bin\intermediates\win32\debug\object.obj
d:\project_file\glfw_3\bin\intermediates\win32\debug\indexbuffer.obj
d:\project_file\glfw_3\bin\intermediates\win32\debug\camera.obj
d:\project_file\glfw_3\bin\intermediates\win32\debug\application.obj
d:\project_file\glfw_3\bin\intermediates\win32\debug\glfw_3.ilk
d:\project_file\glfw_3\bin\win32\debug\glfw_3.exe
d:\project_file\glfw_3\bin\win32\debug\glfw_3.pdb
d:\project_file\glfw_3\bin\intermediates\win32\debug\glfw_3.tlog\cl.command.1.tlog
d:\project_file\glfw_3\bin\intermediates\win32\debug\glfw_3.tlog\cl.read.1.tlog
d:\project_file\glfw_3\bin\intermediates\win32\debug\glfw_3.tlog\cl.write.1.tlog
d:\project_file\glfw_3\bin\intermediates\win32\debug\glfw_3.tlog\link.command.1.tlog
d:\project_file\glfw_3\bin\intermediates\win32\debug\glfw_3.tlog\link.read.1.tlog
d:\project_file\glfw_3\bin\intermediates\win32\debug\glfw_3.tlog\link.write.1.tlog
