  Application.cpp
D:\project_file\GLFW_3\GLFW_3\src\Application.cpp(58,26): warning C4244: “参数”: 从“double”转换到“float”，可能丢失数据
D:\project_file\GLFW_3\GLFW_3\src\Application.cpp(58,20): warning C4244: “参数”: 从“double”转换到“float”，可能丢失数据
  Camera.cpp
D:\project_file\GLFW_3\GLFW_3\src\Camera.cpp(20,14): warning C4305: “=”: 从“double”到“float”截断
D:\project_file\GLFW_3\GLFW_3\src\Camera.cpp(21,25): warning C4244: “=”: 从“double”转换到“float”，可能丢失数据
D:\project_file\GLFW_3\GLFW_3\src\Camera.cpp(59,16): warning C4244: “初始化”: 从“double”转换到“float”，可能丢失数据
D:\project_file\GLFW_3\GLFW_3\src\Camera.cpp(66,16): warning C4305: “=”: 从“double”到“float”截断
D:\project_file\GLFW_3\GLFW_3\src\Camera.cpp(70,17): warning C4305: “=”: 从“double”到“float”截断
  IndexBuffer.cpp
  Object.cpp
  Renderer.cpp
  Shader.cpp
  Texture.cpp
  imgui.cpp
  imgui_demo.cpp
  imgui_draw.cpp
  imgui_impl_glfw.cpp
  imgui_impl_opengl3.cpp
  imgui_tables.cpp
  imgui_widgets.cpp
  stb_image.cpp
  VertexArray.cpp
  VertexBuffer.cpp
  正在生成代码...
LINK : warning LNK4098: 默认库“LIBCMT”与其他库的使用冲突；请使用 /NODEFAULTLIB:library
LINK : warning LNK4098: 默认库“MSVCRT”与其他库的使用冲突；请使用 /NODEFAULTLIB:library
glew32s.lib(glew.obj) : warning LNK4099: 未找到 PDB“vc120.pdb”(使用“glew32s.lib(glew.obj)”或在“D:\project_file\GLFW_3\bin\Win32\Debug\vc120.pdb”中寻找)；正在链接对象，如同没有调试信息一样
  GLFW_3.vcxproj -> D:\project_file\GLFW_3\bin\Win32\Debug\GLFW_3.exe
