d:\project_file\glfw_3\bin\intermediates\win32\release\vc142.pdb
d:\project_file\glfw_3\bin\intermediates\win32\release\vertexbuffer.obj
d:\project_file\glfw_3\bin\intermediates\win32\release\vertexarray.obj
d:\project_file\glfw_3\bin\intermediates\win32\release\stb_image.obj
d:\project_file\glfw_3\bin\intermediates\win32\release\imgui_widgets.obj
d:\project_file\glfw_3\bin\intermediates\win32\release\imgui_tables.obj
d:\project_file\glfw_3\bin\intermediates\win32\release\imgui_impl_opengl3.obj
d:\project_file\glfw_3\bin\intermediates\win32\release\imgui_impl_glfw.obj
d:\project_file\glfw_3\bin\intermediates\win32\release\imgui_draw.obj
d:\project_file\glfw_3\bin\intermediates\win32\release\imgui_demo.obj
d:\project_file\glfw_3\bin\intermediates\win32\release\imgui.obj
d:\project_file\glfw_3\bin\intermediates\win32\release\texture.obj
d:\project_file\glfw_3\bin\intermediates\win32\release\shader.obj
d:\project_file\glfw_3\bin\intermediates\win32\release\renderer.obj
d:\project_file\glfw_3\bin\intermediates\win32\release\object.obj
d:\project_file\glfw_3\bin\intermediates\win32\release\indexbuffer.obj
d:\project_file\glfw_3\bin\intermediates\win32\release\camera.obj
d:\project_file\glfw_3\bin\intermediates\win32\release\application.obj
d:\project_file\glfw_3\bin\win32\release\glfw_3.exe
d:\project_file\glfw_3\bin\intermediates\win32\release\glfw_3.ipdb
d:\project_file\glfw_3\bin\intermediates\win32\release\glfw_3.iobj
d:\project_file\glfw_3\bin\win32\release\glfw_3.pdb
d:\project_file\glfw_3\bin\intermediates\win32\release\glfw_3.tlog\cl.command.1.tlog
d:\project_file\glfw_3\bin\intermediates\win32\release\glfw_3.tlog\cl.read.1.tlog
d:\project_file\glfw_3\bin\intermediates\win32\release\glfw_3.tlog\cl.write.1.tlog
d:\project_file\glfw_3\bin\intermediates\win32\release\glfw_3.tlog\link.command.1.tlog
d:\project_file\glfw_3\bin\intermediates\win32\release\glfw_3.tlog\link.read.1.tlog
d:\project_file\glfw_3\bin\intermediates\win32\release\glfw_3.tlog\link.write.1.tlog
